2021-10-12 14:09:46,822:INFO:PyCaret Supervised Module
2021-10-12 14:09:46,823:INFO:ML Usecase: regression
2021-10-12 14:09:46,823:INFO:version 2.3.4
2021-10-12 14:09:46,823:INFO:Initializing setup()
2021-10-12 14:09:46,823:INFO:setup(target=temps, ml_usecase=regression, available_plots={'parameter': 'Hyperparameters', 'residuals': 'Residuals', 'error': 'Prediction Error', 'cooks': 'Cooks Distance', 'rfe': 'Feature Selection', 'learning': 'Learning Curve', 'manifold': 'Manifold Learning', 'vc': 'Validation Curve', 'feature': 'Feature Importance', 'feature_all': 'Feature Importance (All)', 'tree': 'Decision Tree', 'residuals_interactive': 'Interactive Residuals'}, train_size=0.7, test_data=                                     variable     value     temps
1060   C00000001-A003-1-kW sys-JTW_2021-04-22  0.330000  20:00:15
1061   C00000001-A003-1-kW sys-JTW_2021-04-22  0.511667  20:00:45
1062   C00000001-A003-1-kW sys-JTW_2021-04-22  0.660000  20:01:15
1063   C00000001-A003-1-kW sys-JTW_2021-04-22  0.665000  20:01:45
1064   C00000001-A003-1-kW sys-JTW_2021-04-22  0.741667  20:02:15
...                                       ...       ...       ...
21679  C00000001-A003-1-kW sys-JTW_2021-04-30  0.690000  23:56:45
21680  C00000001-A003-1-kW sys-JTW_2021-04-30  0.696667  23:57:15
21681  C00000001-A003-1-kW sys-JTW_2021-04-30  0.700000  23:57:45
21682  C00000001-A003-1-kW sys-JTW_2021-04-30  0.693333  23:58:15
21683  C00000001-A003-1-kW sys-JTW_2021-04-30  0.690000  23:58:45

[3824 rows x 3 columns], preprocess=True, imputation_type=simple, iterative_imputation_iters=5, categorical_features=None, categorical_imputation=constant, categorical_iterative_imputer=lightgbm, ordinal_features=None, high_cardinality_features=None, high_cardinality_method=frequency, numeric_features=['variable', 'value'], numeric_imputation=mean, numeric_iterative_imputer=lightgbm, date_features=None, ignore_features=None, normalize=False, normalize_method=zscore, transformation=False, transformation_method=yeo-johnson, handle_unknown_categorical=True, unknown_categorical_method=least_frequent, pca=False, pca_method=linear, pca_components=None, ignore_low_variance=False, combine_rare_levels=False, rare_level_threshold=0.1, bin_numeric_features=None, remove_outliers=False, outliers_threshold=0.05, remove_multicollinearity=False, multicollinearity_threshold=0.9, remove_perfect_collinearity=True, create_clusters=False, cluster_iter=20, polynomial_features=False, polynomial_degree=2, trigonometry_features=False, polynomial_threshold=0.1, group_features=None, group_names=None, feature_selection=False, feature_selection_threshold=0.8, feature_selection_method=classic, feature_interaction=False, feature_ratio=False, interaction_threshold=0.01, fix_imbalance=False, fix_imbalance_method=None, transform_target=True, transform_target_method=box-cox, data_split_shuffle=True, data_split_stratify=False, fold_strategy=timeseries, fold=3, fold_shuffle=False, fold_groups=None, n_jobs=-1, use_gpu=False, custom_pipeline=None, html=True, session_id=123, log_experiment=False, experiment_name=None, log_plots=False, log_profile=False, log_data=False, silent=False, verbose=True, profile=False, profile_kwargs=None, display=None)
2021-10-12 14:09:46,824:INFO:Checking environment
2021-10-12 14:09:46,824:INFO:python_version: 3.8.10
2021-10-12 14:09:46,824:INFO:python_build: ('default', 'Jun  2 2021 10:49:15')
2021-10-12 14:09:46,824:INFO:machine: x86_64
2021-10-12 14:09:46,836:INFO:platform: Linux-5.4.0-88-generic-x86_64-with-glibc2.29
2021-10-12 14:09:46,837:WARNING:cannot find psutil installation. memory not traceable. Install psutil using pip to enable memory logging.
2021-10-12 14:09:46,837:INFO:Checking libraries
2021-10-12 14:09:46,837:INFO:pd==1.3.1
2021-10-12 14:09:46,837:INFO:numpy==1.19.5
2021-10-12 14:09:46,837:INFO:sklearn==0.24.2
2021-10-12 14:09:46,837:INFO:lightgbm==3.3.0
2021-10-12 14:09:46,838:WARNING:catboost not found
2021-10-12 14:09:46,839:WARNING:xgboost not found
2021-10-12 14:09:46,987:INFO:mlflow==1.20.2
2021-10-12 14:09:46,987:INFO:Checking Exceptions
2021-10-12 14:09:46,987:INFO:Declaring global variables
2021-10-12 14:09:46,987:INFO:USI: 11ee
2021-10-12 14:09:46,987:INFO:pycaret_globals: {'prep_pipe', 'create_model_container', 'html_param', 'log_plots_param', 'X_train', 'display_container', '_gpu_n_jobs_param', '_available_plots', 'USI', '_ml_usecase', '_all_models_internal', 'target_param', 'fold_generator', 'pycaret_globals', 'fix_imbalance_method_param', 'master_model_container', 'fold_groups_param', '_all_models', 'transform_target_method_param', 'exp_name_log', 'stratify_param', 'fold_shuffle_param', 'fold_param', 'data_before_preprocess', 'transform_target_param', 'n_jobs_param', 'X_test', 'imputation_regressor', 'y_test', 'gpu_param', 'X', 'iterative_imputation_iters_param', 'fold_groups_param_full', 'y', 'experiment__', 'logging_param', '_internal_pipeline', 'seed', '_all_metrics', 'fix_imbalance_param', 'y_train', 'imputation_classifier'}
2021-10-12 14:09:46,987:INFO:Preparing display monitor
2021-10-12 14:09:46,988:INFO:Preparing display monitor
2021-10-12 14:09:46,994:INFO:Importing libraries
2021-10-12 14:09:46,994:INFO:Copying data for preprocessing
2021-10-12 14:09:46,997:INFO:Declaring preprocessing parameters
2021-10-12 14:09:46,997:INFO:Creating preprocessing pipeline
2021-10-12 14:09:47,002:INFO:Preprocessing pipeline created successfully
2021-10-12 14:09:47,002:ERROR:(Process Exit): setup has been interupted with user command 'quit'. setup must rerun.
2021-10-12 14:09:47,002:INFO:Creating global containers
2021-10-12 14:09:47,003:INFO:Internal pipeline: Pipeline(memory=None, steps=[('empty_step', 'passthrough')], verbose=False)
2021-10-12 14:10:24,411:INFO:PyCaret Supervised Module
2021-10-12 14:10:24,411:INFO:ML Usecase: regression
2021-10-12 14:10:24,412:INFO:version 2.3.4
2021-10-12 14:10:24,412:INFO:Initializing setup()
2021-10-12 14:10:24,412:INFO:setup(target=temps, ml_usecase=regression, available_plots={'parameter': 'Hyperparameters', 'residuals': 'Residuals', 'error': 'Prediction Error', 'cooks': 'Cooks Distance', 'rfe': 'Feature Selection', 'learning': 'Learning Curve', 'manifold': 'Manifold Learning', 'vc': 'Validation Curve', 'feature': 'Feature Importance', 'feature_all': 'Feature Importance (All)', 'tree': 'Decision Tree', 'residuals_interactive': 'Interactive Residuals'}, train_size=0.7, test_data=                                     variable     value     temps
1060   C00000001-A003-1-kW sys-JTW_2021-04-22  0.330000  20:00:15
1061   C00000001-A003-1-kW sys-JTW_2021-04-22  0.511667  20:00:45
1062   C00000001-A003-1-kW sys-JTW_2021-04-22  0.660000  20:01:15
1063   C00000001-A003-1-kW sys-JTW_2021-04-22  0.665000  20:01:45
1064   C00000001-A003-1-kW sys-JTW_2021-04-22  0.741667  20:02:15
...                                       ...       ...       ...
21679  C00000001-A003-1-kW sys-JTW_2021-04-30  0.690000  23:56:45
21680  C00000001-A003-1-kW sys-JTW_2021-04-30  0.696667  23:57:15
21681  C00000001-A003-1-kW sys-JTW_2021-04-30  0.700000  23:57:45
21682  C00000001-A003-1-kW sys-JTW_2021-04-30  0.693333  23:58:15
21683  C00000001-A003-1-kW sys-JTW_2021-04-30  0.690000  23:58:45

[3824 rows x 3 columns], preprocess=True, imputation_type=simple, iterative_imputation_iters=5, categorical_features=None, categorical_imputation=constant, categorical_iterative_imputer=lightgbm, ordinal_features=None, high_cardinality_features=None, high_cardinality_method=frequency, numeric_features=['value'], numeric_imputation=mean, numeric_iterative_imputer=lightgbm, date_features=None, ignore_features=None, normalize=False, normalize_method=zscore, transformation=False, transformation_method=yeo-johnson, handle_unknown_categorical=True, unknown_categorical_method=least_frequent, pca=False, pca_method=linear, pca_components=None, ignore_low_variance=False, combine_rare_levels=False, rare_level_threshold=0.1, bin_numeric_features=None, remove_outliers=False, outliers_threshold=0.05, remove_multicollinearity=False, multicollinearity_threshold=0.9, remove_perfect_collinearity=True, create_clusters=False, cluster_iter=20, polynomial_features=False, polynomial_degree=2, trigonometry_features=False, polynomial_threshold=0.1, group_features=None, group_names=None, feature_selection=False, feature_selection_threshold=0.8, feature_selection_method=classic, feature_interaction=False, feature_ratio=False, interaction_threshold=0.01, fix_imbalance=False, fix_imbalance_method=None, transform_target=True, transform_target_method=box-cox, data_split_shuffle=True, data_split_stratify=False, fold_strategy=timeseries, fold=3, fold_shuffle=False, fold_groups=None, n_jobs=-1, use_gpu=False, custom_pipeline=None, html=True, session_id=123, log_experiment=False, experiment_name=None, log_plots=False, log_profile=False, log_data=False, silent=False, verbose=True, profile=False, profile_kwargs=None, display=None)
2021-10-12 14:10:24,412:INFO:Checking environment
2021-10-12 14:10:24,412:INFO:python_version: 3.8.10
2021-10-12 14:10:24,412:INFO:python_build: ('default', 'Jun  2 2021 10:49:15')
2021-10-12 14:10:24,412:INFO:machine: x86_64
2021-10-12 14:10:24,413:INFO:platform: Linux-5.4.0-88-generic-x86_64-with-glibc2.29
2021-10-12 14:10:24,414:WARNING:cannot find psutil installation. memory not traceable. Install psutil using pip to enable memory logging.
2021-10-12 14:10:24,414:INFO:Checking libraries
2021-10-12 14:10:24,414:INFO:pd==1.3.1
2021-10-12 14:10:24,415:INFO:numpy==1.19.5
2021-10-12 14:10:24,415:INFO:sklearn==0.24.2
2021-10-12 14:10:24,415:INFO:lightgbm==3.3.0
2021-10-12 14:10:24,416:WARNING:catboost not found
2021-10-12 14:10:24,417:WARNING:xgboost not found
2021-10-12 14:10:24,417:INFO:mlflow==1.20.2
2021-10-12 14:10:24,417:INFO:Checking Exceptions
2021-10-12 14:10:24,417:INFO:Declaring global variables
2021-10-12 14:10:24,417:INFO:USI: dffd
2021-10-12 14:10:24,418:INFO:pycaret_globals: {'prep_pipe', 'create_model_container', 'html_param', 'log_plots_param', 'X_train', 'display_container', '_gpu_n_jobs_param', '_available_plots', 'USI', '_ml_usecase', '_all_models_internal', 'target_param', 'fold_generator', 'pycaret_globals', 'fix_imbalance_method_param', 'master_model_container', 'fold_groups_param', '_all_models', 'transform_target_method_param', 'exp_name_log', 'stratify_param', 'fold_shuffle_param', 'fold_param', 'data_before_preprocess', 'transform_target_param', 'n_jobs_param', 'X_test', 'imputation_regressor', 'y_test', 'gpu_param', 'X', 'iterative_imputation_iters_param', 'fold_groups_param_full', 'y', 'experiment__', 'logging_param', '_internal_pipeline', 'seed', '_all_metrics', 'fix_imbalance_param', 'y_train', 'imputation_classifier'}
2021-10-12 14:10:24,418:INFO:Preparing display monitor
2021-10-12 14:10:24,418:INFO:Preparing display monitor
2021-10-12 14:10:24,426:INFO:Importing libraries
2021-10-12 14:10:24,426:INFO:Copying data for preprocessing
2021-10-12 14:10:24,430:INFO:Declaring preprocessing parameters
2021-10-12 14:10:24,431:INFO:Creating preprocessing pipeline
2021-10-12 14:10:24,437:INFO:Preprocessing pipeline created successfully
2021-10-12 14:10:24,437:ERROR:(Process Exit): setup has been interupted with user command 'quit'. setup must rerun.
2021-10-12 14:10:24,437:INFO:Creating global containers
2021-10-12 14:10:24,438:INFO:Internal pipeline: Pipeline(memory=None, steps=[('empty_step', 'passthrough')], verbose=False)
